2011-09-19 17:32:39,311 - Log4JLogChute initialized using file 'velocity.log'
2011-09-19 17:32:39,311 - Starting Apache Velocity v1.5 (compiled: 2007-02-22 08:52:29)
2011-09-19 17:32:39,311 - Default Properties File: org/apache/velocity/runtime/defaults/velocity.properties
2011-09-19 17:32:39,312 - Trying to use logger class org.apache.velocity.runtime.log.AvalonLogChute
2011-09-19 17:32:39,312 - Couldn't find class org.apache.velocity.runtime.log.AvalonLogChute or necessary supporting classes in classpath.
java.lang.NoClassDefFoundError: org/apache/log/format/Formatter
	at java.lang.Class.forName0(Native Method)
	at java.lang.Class.forName(Class.java:247)
	at org.apache.velocity.util.ClassUtils.getClass(ClassUtils.java:63)
	at org.apache.velocity.util.ClassUtils.getNewInstance(ClassUtils.java:95)
	at org.apache.velocity.runtime.log.LogManager.createLogChute(LogManager.java:147)
	at org.apache.velocity.runtime.log.LogManager.updateLog(LogManager.java:208)
	at org.apache.velocity.runtime.RuntimeInstance.initializeLog(RuntimeInstance.java:728)
	at org.apache.velocity.runtime.RuntimeInstance.init(RuntimeInstance.java:240)
	at org.apache.velocity.runtime.RuntimeInstance.init(RuntimeInstance.java:534)
	at org.apache.velocity.app.VelocityEngine.init(VelocityEngine.java:144)
	at com.amazonaws.mturk.addon.HITQuestion.<init>(HITQuestion.java:68)
	at site_category.SiteCategory.createSiteCategoryHITs(SiteCategory.java:82)
	at site_category.SiteCategory.main(SiteCategory.java:134)
Caused by: java.lang.ClassNotFoundException: org.apache.log.format.Formatter
	at java.net.URLClassLoader$1.run(URLClassLoader.java:202)
	at java.security.AccessController.doPrivileged(Native Method)
	at java.net.URLClassLoader.findClass(URLClassLoader.java:190)
	at java.lang.ClassLoader.loadClass(ClassLoader.java:306)
	at sun.misc.Launcher$AppClassLoader.loadClass(Launcher.java:301)
	at java.lang.ClassLoader.loadClass(ClassLoader.java:247)
	... 13 more
2011-09-19 17:32:39,313 - Trying to use logger class org.apache.velocity.runtime.log.Log4JLogChute
2011-09-19 17:32:39,313 - Using logger class org.apache.velocity.runtime.log.Log4JLogChute
2011-09-19 17:32:39,314 - Default ResourceManager initializing. (class org.apache.velocity.runtime.resource.ResourceManagerImpl)
2011-09-19 17:32:39,316 - ResourceLoader instantiated: org.apache.velocity.runtime.resource.loader.FileResourceLoader
2011-09-19 17:32:39,317 - Do unicode file recognition:  false
2011-09-19 17:32:39,317 - FileResourceLoader : adding path '/Users/demartin/Documents/workspace/MTurkJavaSDK/samples/site_category'
2011-09-19 17:32:39,324 - ResourceCache: initialized (class org.apache.velocity.runtime.resource.ResourceCacheImpl)
2011-09-19 17:32:39,325 - Loaded System Directive: org.apache.velocity.runtime.directive.Literal
2011-09-19 17:32:39,326 - Loaded System Directive: org.apache.velocity.runtime.directive.Macro
2011-09-19 17:32:39,327 - Loaded System Directive: org.apache.velocity.runtime.directive.Parse
2011-09-19 17:32:39,328 - Loaded System Directive: org.apache.velocity.runtime.directive.Include
2011-09-19 17:32:39,329 - Loaded System Directive: org.apache.velocity.runtime.directive.Foreach
2011-09-19 17:32:39,346 - Created '20' parsers.
2011-09-19 17:32:39,350 - Velocimacro : "velocimacro.library" is not set.  Trying default library: VM_global_library.vm
2011-09-19 17:32:39,351 - Velocimacro : Default library not found.
2011-09-19 17:32:39,351 - Velocimacro : allowInline = true : VMs can be defined inline in templates
2011-09-19 17:32:39,351 - Velocimacro : allowInlineToOverride = false : VMs defined inline may NOT replace previous VM definitions
2011-09-19 17:32:39,351 - Velocimacro : allowInlineLocal = false : VMs defined inline will be global in scope if allowed.
2011-09-19 17:32:39,351 - Velocimacro : autoload off : VM system will not automatically reload global library macros
2011-09-19 17:32:39,357 - ResourceManager : found site_category.question with loader org.apache.velocity.runtime.resource.loader.FileResourceLoader
2011-09-19 17:32:39,631 - Log4JLogChute initialized using file 'velocity.log'
2011-09-19 17:32:39,631 - Log4JLogChute initialized using file 'velocity.log'
2011-09-19 17:32:39,631 - Starting Apache Velocity v1.5 (compiled: 2007-02-22 08:52:29)
2011-09-19 17:32:39,631 - Starting Apache Velocity v1.5 (compiled: 2007-02-22 08:52:29)
2011-09-19 17:32:39,631 - Default Properties File: org/apache/velocity/runtime/defaults/velocity.properties
2011-09-19 17:32:39,631 - Default Properties File: org/apache/velocity/runtime/defaults/velocity.properties
2011-09-19 17:32:39,631 - Trying to use logger class org.apache.velocity.runtime.log.AvalonLogChute
2011-09-19 17:32:39,631 - Trying to use logger class org.apache.velocity.runtime.log.AvalonLogChute
2011-09-19 17:32:39,632 - Couldn't find class org.apache.velocity.runtime.log.AvalonLogChute or necessary supporting classes in classpath.
java.lang.NoClassDefFoundError: org/apache/log/format/Formatter
	at java.lang.Class.forName0(Native Method)
	at java.lang.Class.forName(Class.java:247)
	at org.apache.velocity.util.ClassUtils.getClass(ClassUtils.java:63)
	at org.apache.velocity.util.ClassUtils.getNewInstance(ClassUtils.java:95)
	at org.apache.velocity.runtime.log.LogManager.createLogChute(LogManager.java:147)
	at org.apache.velocity.runtime.log.LogManager.updateLog(LogManager.java:208)
	at org.apache.velocity.runtime.RuntimeInstance.initializeLog(RuntimeInstance.java:728)
	at org.apache.velocity.runtime.RuntimeInstance.init(RuntimeInstance.java:240)
	at org.apache.velocity.runtime.RuntimeSingleton.init(RuntimeSingleton.java:113)
	at org.apache.velocity.app.Velocity.init(Velocity.java:83)
	at com.amazonaws.mturk.util.VelocityUtil.doMerge(VelocityUtil.java:34)
	at com.amazonaws.mturk.addon.HITProperties.getQualificationType(HITProperties.java:309)
	at com.amazonaws.mturk.addon.HITProperties.getQualificationRequirements(HITProperties.java:290)
	at com.amazonaws.mturk.service.axis.RequesterService.createHITs(RequesterService.java:1257)
	at com.amazonaws.mturk.service.axis.RequesterService.createHITs(RequesterService.java:1153)
	at site_category.SiteCategory.createSiteCategoryHITs(SiteCategory.java:108)
	at site_category.SiteCategory.main(SiteCategory.java:134)
Caused by: java.lang.ClassNotFoundException: org.apache.log.format.Formatter
	at java.net.URLClassLoader$1.run(URLClassLoader.java:202)
	at java.security.AccessController.doPrivileged(Native Method)
	at java.net.URLClassLoader.findClass(URLClassLoader.java:190)
	at java.lang.ClassLoader.loadClass(ClassLoader.java:306)
	at sun.misc.Launcher$AppClassLoader.loadClass(Launcher.java:301)
	at java.lang.ClassLoader.loadClass(ClassLoader.java:247)
	... 17 more
2011-09-19 17:32:39,632 - Couldn't find class org.apache.velocity.runtime.log.AvalonLogChute or necessary supporting classes in classpath.
java.lang.NoClassDefFoundError: org/apache/log/format/Formatter
	at java.lang.Class.forName0(Native Method)
	at java.lang.Class.forName(Class.java:247)
	at org.apache.velocity.util.ClassUtils.getClass(ClassUtils.java:63)
	at org.apache.velocity.util.ClassUtils.getNewInstance(ClassUtils.java:95)
	at org.apache.velocity.runtime.log.LogManager.createLogChute(LogManager.java:147)
	at org.apache.velocity.runtime.log.LogManager.updateLog(LogManager.java:208)
	at org.apache.velocity.runtime.RuntimeInstance.initializeLog(RuntimeInstance.java:728)
	at org.apache.velocity.runtime.RuntimeInstance.init(RuntimeInstance.java:240)
	at org.apache.velocity.runtime.RuntimeSingleton.init(RuntimeSingleton.java:113)
	at org.apache.velocity.app.Velocity.init(Velocity.java:83)
	at com.amazonaws.mturk.util.VelocityUtil.doMerge(VelocityUtil.java:34)
	at com.amazonaws.mturk.addon.HITProperties.getQualificationType(HITProperties.java:309)
	at com.amazonaws.mturk.addon.HITProperties.getQualificationRequirements(HITProperties.java:290)
	at com.amazonaws.mturk.service.axis.RequesterService.createHITs(RequesterService.java:1257)
	at com.amazonaws.mturk.service.axis.RequesterService.createHITs(RequesterService.java:1153)
	at site_category.SiteCategory.createSiteCategoryHITs(SiteCategory.java:108)
	at site_category.SiteCategory.main(SiteCategory.java:134)
Caused by: java.lang.ClassNotFoundException: org.apache.log.format.Formatter
	at java.net.URLClassLoader$1.run(URLClassLoader.java:202)
	at java.security.AccessController.doPrivileged(Native Method)
	at java.net.URLClassLoader.findClass(URLClassLoader.java:190)
	at java.lang.ClassLoader.loadClass(ClassLoader.java:306)
	at sun.misc.Launcher$AppClassLoader.loadClass(Launcher.java:301)
	at java.lang.ClassLoader.loadClass(ClassLoader.java:247)
	... 17 more
2011-09-19 17:32:39,632 - Trying to use logger class org.apache.velocity.runtime.log.Log4JLogChute
2011-09-19 17:32:39,632 - Trying to use logger class org.apache.velocity.runtime.log.Log4JLogChute
2011-09-19 17:32:39,632 - Using logger class org.apache.velocity.runtime.log.Log4JLogChute
2011-09-19 17:32:39,632 - Using logger class org.apache.velocity.runtime.log.Log4JLogChute
2011-09-19 17:32:39,632 - Default ResourceManager initializing. (class org.apache.velocity.runtime.resource.ResourceManagerImpl)
2011-09-19 17:32:39,632 - Default ResourceManager initializing. (class org.apache.velocity.runtime.resource.ResourceManagerImpl)
2011-09-19 17:32:39,633 - ResourceLoader instantiated: org.apache.velocity.runtime.resource.loader.FileResourceLoader
2011-09-19 17:32:39,633 - ResourceLoader instantiated: org.apache.velocity.runtime.resource.loader.FileResourceLoader
2011-09-19 17:32:39,633 - Do unicode file recognition:  false
2011-09-19 17:32:39,633 - Do unicode file recognition:  false
2011-09-19 17:32:39,633 - FileResourceLoader : adding path '.'
2011-09-19 17:32:39,633 - FileResourceLoader : adding path '.'
2011-09-19 17:32:39,633 - ResourceCache: initialized (class org.apache.velocity.runtime.resource.ResourceCacheImpl)
2011-09-19 17:32:39,633 - ResourceCache: initialized (class org.apache.velocity.runtime.resource.ResourceCacheImpl)
2011-09-19 17:32:39,633 - Loaded System Directive: org.apache.velocity.runtime.directive.Literal
2011-09-19 17:32:39,633 - Loaded System Directive: org.apache.velocity.runtime.directive.Literal
2011-09-19 17:32:39,634 - Loaded System Directive: org.apache.velocity.runtime.directive.Macro
2011-09-19 17:32:39,634 - Loaded System Directive: org.apache.velocity.runtime.directive.Macro
2011-09-19 17:32:39,634 - Loaded System Directive: org.apache.velocity.runtime.directive.Parse
2011-09-19 17:32:39,634 - Loaded System Directive: org.apache.velocity.runtime.directive.Parse
2011-09-19 17:32:39,634 - Loaded System Directive: org.apache.velocity.runtime.directive.Include
2011-09-19 17:32:39,634 - Loaded System Directive: org.apache.velocity.runtime.directive.Include
2011-09-19 17:32:39,634 - Loaded System Directive: org.apache.velocity.runtime.directive.Foreach
2011-09-19 17:32:39,634 - Loaded System Directive: org.apache.velocity.runtime.directive.Foreach
2011-09-19 17:32:39,635 - Created '20' parsers.
2011-09-19 17:32:39,635 - Created '20' parsers.
2011-09-19 17:32:39,635 - Velocimacro : "velocimacro.library" is not set.  Trying default library: VM_global_library.vm
2011-09-19 17:32:39,635 - Velocimacro : "velocimacro.library" is not set.  Trying default library: VM_global_library.vm
2011-09-19 17:32:39,635 - Velocimacro : Default library not found.
2011-09-19 17:32:39,635 - Velocimacro : Default library not found.
2011-09-19 17:32:39,635 - Velocimacro : allowInline = true : VMs can be defined inline in templates
2011-09-19 17:32:39,635 - Velocimacro : allowInline = true : VMs can be defined inline in templates
2011-09-19 17:32:39,635 - Velocimacro : allowInlineToOverride = false : VMs defined inline may NOT replace previous VM definitions
2011-09-19 17:32:39,635 - Velocimacro : allowInlineToOverride = false : VMs defined inline may NOT replace previous VM definitions
2011-09-19 17:32:39,635 - Velocimacro : allowInlineLocal = false : VMs defined inline will be global in scope if allowed.
2011-09-19 17:32:39,635 - Velocimacro : allowInlineLocal = false : VMs defined inline will be global in scope if allowed.
2011-09-19 17:32:39,635 - Velocimacro : autoload off : VM system will not automatically reload global library macros
2011-09-19 17:32:39,635 - Velocimacro : autoload off : VM system will not automatically reload global library macros
2011-09-21 17:12:21,838 - Log4JLogChute initialized using file 'velocity.log'
2011-09-21 17:12:21,856 - Starting Apache Velocity v1.5 (compiled: 2007-02-22 08:52:29)
2011-09-21 17:12:21,857 - Default Properties File: org/apache/velocity/runtime/defaults/velocity.properties
2011-09-21 17:12:21,857 - Trying to use logger class org.apache.velocity.runtime.log.AvalonLogChute
2011-09-21 17:12:21,857 - Couldn't find class org.apache.velocity.runtime.log.AvalonLogChute or necessary supporting classes in classpath.
java.lang.NoClassDefFoundError: org/apache/log/format/Formatter
	at java.lang.Class.forName0(Native Method)
	at java.lang.Class.forName(Class.java:247)
	at org.apache.velocity.util.ClassUtils.getClass(ClassUtils.java:63)
	at org.apache.velocity.util.ClassUtils.getNewInstance(ClassUtils.java:95)
	at org.apache.velocity.runtime.log.LogManager.createLogChute(LogManager.java:147)
	at org.apache.velocity.runtime.log.LogManager.updateLog(LogManager.java:208)
	at org.apache.velocity.runtime.RuntimeInstance.initializeLog(RuntimeInstance.java:728)
	at org.apache.velocity.runtime.RuntimeInstance.init(RuntimeInstance.java:240)
	at org.apache.velocity.runtime.RuntimeInstance.init(RuntimeInstance.java:534)
	at org.apache.velocity.app.VelocityEngine.init(VelocityEngine.java:144)
	at com.amazonaws.mturk.addon.HITQuestion.<init>(HITQuestion.java:68)
	at site_category.SiteCategory.createSiteCategoryHITs(SiteCategory.java:82)
	at site_category.SiteCategory.main(SiteCategory.java:134)
Caused by: java.lang.ClassNotFoundException: org.apache.log.format.Formatter
	at java.net.URLClassLoader$1.run(URLClassLoader.java:202)
	at java.security.AccessController.doPrivileged(Native Method)
	at java.net.URLClassLoader.findClass(URLClassLoader.java:190)
	at java.lang.ClassLoader.loadClass(ClassLoader.java:306)
	at sun.misc.Launcher$AppClassLoader.loadClass(Launcher.java:301)
	at java.lang.ClassLoader.loadClass(ClassLoader.java:247)
	... 13 more
2011-09-21 17:12:21,858 - Trying to use logger class org.apache.velocity.runtime.log.Log4JLogChute
2011-09-21 17:12:21,858 - Using logger class org.apache.velocity.runtime.log.Log4JLogChute
2011-09-21 17:12:21,860 - Default ResourceManager initializing. (class org.apache.velocity.runtime.resource.ResourceManagerImpl)
2011-09-21 17:12:21,871 - ResourceLoader instantiated: org.apache.velocity.runtime.resource.loader.FileResourceLoader
2011-09-21 17:12:21,872 - Do unicode file recognition:  false
2011-09-21 17:12:21,872 - FileResourceLoader : adding path '/Users/demartin/Documents/workspace/MTurkJavaSDK/samples/site_category'
2011-09-21 17:12:21,902 - ResourceCache: initialized (class org.apache.velocity.runtime.resource.ResourceCacheImpl)
2011-09-21 17:12:21,903 - Loaded System Directive: org.apache.velocity.runtime.directive.Literal
2011-09-21 17:12:21,904 - Loaded System Directive: org.apache.velocity.runtime.directive.Macro
2011-09-21 17:12:21,905 - Loaded System Directive: org.apache.velocity.runtime.directive.Parse
2011-09-21 17:12:21,906 - Loaded System Directive: org.apache.velocity.runtime.directive.Include
2011-09-21 17:12:21,906 - Loaded System Directive: org.apache.velocity.runtime.directive.Foreach
2011-09-21 17:12:21,925 - Created '20' parsers.
2011-09-21 17:12:21,930 - Velocimacro : "velocimacro.library" is not set.  Trying default library: VM_global_library.vm
2011-09-21 17:12:21,930 - Velocimacro : Default library not found.
2011-09-21 17:12:21,930 - Velocimacro : allowInline = true : VMs can be defined inline in templates
2011-09-21 17:12:21,930 - Velocimacro : allowInlineToOverride = false : VMs defined inline may NOT replace previous VM definitions
2011-09-21 17:12:21,930 - Velocimacro : allowInlineLocal = false : VMs defined inline will be global in scope if allowed.
2011-09-21 17:12:21,930 - Velocimacro : autoload off : VM system will not automatically reload global library macros
2011-09-21 17:12:21,973 - ResourceManager : found site_category.question with loader org.apache.velocity.runtime.resource.loader.FileResourceLoader
2011-09-21 17:12:22,087 - Log4JLogChute initialized using file 'velocity.log'
2011-09-21 17:12:22,087 - Log4JLogChute initialized using file 'velocity.log'
2011-09-21 17:12:22,087 - Starting Apache Velocity v1.5 (compiled: 2007-02-22 08:52:29)
2011-09-21 17:12:22,087 - Starting Apache Velocity v1.5 (compiled: 2007-02-22 08:52:29)
2011-09-21 17:12:22,087 - Default Properties File: org/apache/velocity/runtime/defaults/velocity.properties
2011-09-21 17:12:22,087 - Default Properties File: org/apache/velocity/runtime/defaults/velocity.properties
2011-09-21 17:12:22,087 - Trying to use logger class org.apache.velocity.runtime.log.AvalonLogChute
2011-09-21 17:12:22,087 - Trying to use logger class org.apache.velocity.runtime.log.AvalonLogChute
2011-09-21 17:12:22,087 - Couldn't find class org.apache.velocity.runtime.log.AvalonLogChute or necessary supporting classes in classpath.
java.lang.NoClassDefFoundError: org/apache/log/format/Formatter
	at java.lang.Class.forName0(Native Method)
	at java.lang.Class.forName(Class.java:247)
	at org.apache.velocity.util.ClassUtils.getClass(ClassUtils.java:63)
	at org.apache.velocity.util.ClassUtils.getNewInstance(ClassUtils.java:95)
	at org.apache.velocity.runtime.log.LogManager.createLogChute(LogManager.java:147)
	at org.apache.velocity.runtime.log.LogManager.updateLog(LogManager.java:208)
	at org.apache.velocity.runtime.RuntimeInstance.initializeLog(RuntimeInstance.java:728)
	at org.apache.velocity.runtime.RuntimeInstance.init(RuntimeInstance.java:240)
	at org.apache.velocity.runtime.RuntimeSingleton.init(RuntimeSingleton.java:113)
	at org.apache.velocity.app.Velocity.init(Velocity.java:83)
	at com.amazonaws.mturk.util.VelocityUtil.doMerge(VelocityUtil.java:34)
	at com.amazonaws.mturk.addon.HITProperties.getQualificationType(HITProperties.java:309)
	at com.amazonaws.mturk.addon.HITProperties.getQualificationRequirements(HITProperties.java:290)
	at com.amazonaws.mturk.service.axis.RequesterService.createHITs(RequesterService.java:1257)
	at com.amazonaws.mturk.service.axis.RequesterService.createHITs(RequesterService.java:1153)
	at site_category.SiteCategory.createSiteCategoryHITs(SiteCategory.java:108)
	at site_category.SiteCategory.main(SiteCategory.java:134)
Caused by: java.lang.ClassNotFoundException: org.apache.log.format.Formatter
	at java.net.URLClassLoader$1.run(URLClassLoader.java:202)
	at java.security.AccessController.doPrivileged(Native Method)
	at java.net.URLClassLoader.findClass(URLClassLoader.java:190)
	at java.lang.ClassLoader.loadClass(ClassLoader.java:306)
	at sun.misc.Launcher$AppClassLoader.loadClass(Launcher.java:301)
	at java.lang.ClassLoader.loadClass(ClassLoader.java:247)
	... 17 more
2011-09-21 17:12:22,087 - Couldn't find class org.apache.velocity.runtime.log.AvalonLogChute or necessary supporting classes in classpath.
java.lang.NoClassDefFoundError: org/apache/log/format/Formatter
	at java.lang.Class.forName0(Native Method)
	at java.lang.Class.forName(Class.java:247)
	at org.apache.velocity.util.ClassUtils.getClass(ClassUtils.java:63)
	at org.apache.velocity.util.ClassUtils.getNewInstance(ClassUtils.java:95)
	at org.apache.velocity.runtime.log.LogManager.createLogChute(LogManager.java:147)
	at org.apache.velocity.runtime.log.LogManager.updateLog(LogManager.java:208)
	at org.apache.velocity.runtime.RuntimeInstance.initializeLog(RuntimeInstance.java:728)
	at org.apache.velocity.runtime.RuntimeInstance.init(RuntimeInstance.java:240)
	at org.apache.velocity.runtime.RuntimeSingleton.init(RuntimeSingleton.java:113)
	at org.apache.velocity.app.Velocity.init(Velocity.java:83)
	at com.amazonaws.mturk.util.VelocityUtil.doMerge(VelocityUtil.java:34)
	at com.amazonaws.mturk.addon.HITProperties.getQualificationType(HITProperties.java:309)
	at com.amazonaws.mturk.addon.HITProperties.getQualificationRequirements(HITProperties.java:290)
	at com.amazonaws.mturk.service.axis.RequesterService.createHITs(RequesterService.java:1257)
	at com.amazonaws.mturk.service.axis.RequesterService.createHITs(RequesterService.java:1153)
	at site_category.SiteCategory.createSiteCategoryHITs(SiteCategory.java:108)
	at site_category.SiteCategory.main(SiteCategory.java:134)
Caused by: java.lang.ClassNotFoundException: org.apache.log.format.Formatter
	at java.net.URLClassLoader$1.run(URLClassLoader.java:202)
	at java.security.AccessController.doPrivileged(Native Method)
	at java.net.URLClassLoader.findClass(URLClassLoader.java:190)
	at java.lang.ClassLoader.loadClass(ClassLoader.java:306)
	at sun.misc.Launcher$AppClassLoader.loadClass(Launcher.java:301)
	at java.lang.ClassLoader.loadClass(ClassLoader.java:247)
	... 17 more
2011-09-21 17:12:22,088 - Trying to use logger class org.apache.velocity.runtime.log.Log4JLogChute
2011-09-21 17:12:22,088 - Trying to use logger class org.apache.velocity.runtime.log.Log4JLogChute
2011-09-21 17:12:22,088 - Using logger class org.apache.velocity.runtime.log.Log4JLogChute
2011-09-21 17:12:22,088 - Using logger class org.apache.velocity.runtime.log.Log4JLogChute
2011-09-21 17:12:22,088 - Default ResourceManager initializing. (class org.apache.velocity.runtime.resource.ResourceManagerImpl)
2011-09-21 17:12:22,088 - Default ResourceManager initializing. (class org.apache.velocity.runtime.resource.ResourceManagerImpl)
2011-09-21 17:12:22,088 - ResourceLoader instantiated: org.apache.velocity.runtime.resource.loader.FileResourceLoader
2011-09-21 17:12:22,088 - ResourceLoader instantiated: org.apache.velocity.runtime.resource.loader.FileResourceLoader
2011-09-21 17:12:22,088 - Do unicode file recognition:  false
2011-09-21 17:12:22,088 - Do unicode file recognition:  false
2011-09-21 17:12:22,088 - FileResourceLoader : adding path '.'
2011-09-21 17:12:22,088 - FileResourceLoader : adding path '.'
2011-09-21 17:12:22,088 - ResourceCache: initialized (class org.apache.velocity.runtime.resource.ResourceCacheImpl)
2011-09-21 17:12:22,088 - ResourceCache: initialized (class org.apache.velocity.runtime.resource.ResourceCacheImpl)
2011-09-21 17:12:22,089 - Loaded System Directive: org.apache.velocity.runtime.directive.Literal
2011-09-21 17:12:22,089 - Loaded System Directive: org.apache.velocity.runtime.directive.Literal
2011-09-21 17:12:22,089 - Loaded System Directive: org.apache.velocity.runtime.directive.Macro
2011-09-21 17:12:22,089 - Loaded System Directive: org.apache.velocity.runtime.directive.Macro
2011-09-21 17:12:22,089 - Loaded System Directive: org.apache.velocity.runtime.directive.Parse
2011-09-21 17:12:22,089 - Loaded System Directive: org.apache.velocity.runtime.directive.Parse
2011-09-21 17:12:22,089 - Loaded System Directive: org.apache.velocity.runtime.directive.Include
2011-09-21 17:12:22,089 - Loaded System Directive: org.apache.velocity.runtime.directive.Include
2011-09-21 17:12:22,089 - Loaded System Directive: org.apache.velocity.runtime.directive.Foreach
2011-09-21 17:12:22,089 - Loaded System Directive: org.apache.velocity.runtime.directive.Foreach
2011-09-21 17:12:22,090 - Created '20' parsers.
2011-09-21 17:12:22,090 - Created '20' parsers.
2011-09-21 17:12:22,090 - Velocimacro : "velocimacro.library" is not set.  Trying default library: VM_global_library.vm
2011-09-21 17:12:22,090 - Velocimacro : "velocimacro.library" is not set.  Trying default library: VM_global_library.vm
2011-09-21 17:12:22,091 - Velocimacro : Default library not found.
2011-09-21 17:12:22,091 - Velocimacro : Default library not found.
2011-09-21 17:12:22,091 - Velocimacro : allowInline = true : VMs can be defined inline in templates
2011-09-21 17:12:22,091 - Velocimacro : allowInline = true : VMs can be defined inline in templates
2011-09-21 17:12:22,091 - Velocimacro : allowInlineToOverride = false : VMs defined inline may NOT replace previous VM definitions
2011-09-21 17:12:22,091 - Velocimacro : allowInlineToOverride = false : VMs defined inline may NOT replace previous VM definitions
2011-09-21 17:12:22,091 - Velocimacro : allowInlineLocal = false : VMs defined inline will be global in scope if allowed.
2011-09-21 17:12:22,091 - Velocimacro : allowInlineLocal = false : VMs defined inline will be global in scope if allowed.
2011-09-21 17:12:22,091 - Velocimacro : autoload off : VM system will not automatically reload global library macros
2011-09-21 17:12:22,091 - Velocimacro : autoload off : VM system will not automatically reload global library macros
2011-09-21 17:18:21,656 - Log4JLogChute initialized using file 'velocity.log'
2011-09-21 17:18:21,656 - Starting Apache Velocity v1.5 (compiled: 2007-02-22 08:52:29)
2011-09-21 17:18:21,656 - Default Properties File: org/apache/velocity/runtime/defaults/velocity.properties
2011-09-21 17:18:21,656 - Trying to use logger class org.apache.velocity.runtime.log.AvalonLogChute
2011-09-21 17:18:21,657 - Couldn't find class org.apache.velocity.runtime.log.AvalonLogChute or necessary supporting classes in classpath.
java.lang.NoClassDefFoundError: org/apache/log/format/Formatter
	at java.lang.Class.forName0(Native Method)
	at java.lang.Class.forName(Class.java:247)
	at org.apache.velocity.util.ClassUtils.getClass(ClassUtils.java:63)
	at org.apache.velocity.util.ClassUtils.getNewInstance(ClassUtils.java:95)
	at org.apache.velocity.runtime.log.LogManager.createLogChute(LogManager.java:147)
	at org.apache.velocity.runtime.log.LogManager.updateLog(LogManager.java:208)
	at org.apache.velocity.runtime.RuntimeInstance.initializeLog(RuntimeInstance.java:728)
	at org.apache.velocity.runtime.RuntimeInstance.init(RuntimeInstance.java:240)
	at org.apache.velocity.runtime.RuntimeInstance.init(RuntimeInstance.java:534)
	at org.apache.velocity.app.VelocityEngine.init(VelocityEngine.java:144)
	at com.amazonaws.mturk.addon.HITQuestion.<init>(HITQuestion.java:68)
	at site_category.SiteCategory.createSiteCategoryHITs(SiteCategory.java:82)
	at site_category.SiteCategory.main(SiteCategory.java:134)
Caused by: java.lang.ClassNotFoundException: org.apache.log.format.Formatter
	at java.net.URLClassLoader$1.run(URLClassLoader.java:202)
	at java.security.AccessController.doPrivileged(Native Method)
	at java.net.URLClassLoader.findClass(URLClassLoader.java:190)
	at java.lang.ClassLoader.loadClass(ClassLoader.java:306)
	at sun.misc.Launcher$AppClassLoader.loadClass(Launcher.java:301)
	at java.lang.ClassLoader.loadClass(ClassLoader.java:247)
	... 13 more
2011-09-21 17:18:21,657 - Trying to use logger class org.apache.velocity.runtime.log.Log4JLogChute
2011-09-21 17:18:21,658 - Using logger class org.apache.velocity.runtime.log.Log4JLogChute
2011-09-21 17:18:21,659 - Default ResourceManager initializing. (class org.apache.velocity.runtime.resource.ResourceManagerImpl)
2011-09-21 17:18:21,661 - ResourceLoader instantiated: org.apache.velocity.runtime.resource.loader.FileResourceLoader
2011-09-21 17:18:21,662 - Do unicode file recognition:  false
2011-09-21 17:18:21,662 - FileResourceLoader : adding path '/Users/demartin/Documents/workspace/MTurkJavaSDK/samples/site_category'
2011-09-21 17:18:21,669 - ResourceCache: initialized (class org.apache.velocity.runtime.resource.ResourceCacheImpl)
2011-09-21 17:18:21,670 - Loaded System Directive: org.apache.velocity.runtime.directive.Literal
2011-09-21 17:18:21,671 - Loaded System Directive: org.apache.velocity.runtime.directive.Macro
2011-09-21 17:18:21,672 - Loaded System Directive: org.apache.velocity.runtime.directive.Parse
2011-09-21 17:18:21,673 - Loaded System Directive: org.apache.velocity.runtime.directive.Include
2011-09-21 17:18:21,673 - Loaded System Directive: org.apache.velocity.runtime.directive.Foreach
2011-09-21 17:18:21,690 - Created '20' parsers.
2011-09-21 17:18:21,694 - Velocimacro : "velocimacro.library" is not set.  Trying default library: VM_global_library.vm
2011-09-21 17:18:21,694 - Velocimacro : Default library not found.
2011-09-21 17:18:21,694 - Velocimacro : allowInline = true : VMs can be defined inline in templates
2011-09-21 17:18:21,694 - Velocimacro : allowInlineToOverride = false : VMs defined inline may NOT replace previous VM definitions
2011-09-21 17:18:21,694 - Velocimacro : allowInlineLocal = false : VMs defined inline will be global in scope if allowed.
2011-09-21 17:18:21,694 - Velocimacro : autoload off : VM system will not automatically reload global library macros
2011-09-21 17:18:21,700 - ResourceManager : found site_category.question with loader org.apache.velocity.runtime.resource.loader.FileResourceLoader
2011-09-21 17:18:21,717 - Log4JLogChute initialized using file 'velocity.log'
2011-09-21 17:18:21,717 - Log4JLogChute initialized using file 'velocity.log'
2011-09-21 17:18:21,717 - Starting Apache Velocity v1.5 (compiled: 2007-02-22 08:52:29)
2011-09-21 17:18:21,717 - Starting Apache Velocity v1.5 (compiled: 2007-02-22 08:52:29)
2011-09-21 17:18:21,717 - Default Properties File: org/apache/velocity/runtime/defaults/velocity.properties
2011-09-21 17:18:21,717 - Default Properties File: org/apache/velocity/runtime/defaults/velocity.properties
2011-09-21 17:18:21,717 - Trying to use logger class org.apache.velocity.runtime.log.AvalonLogChute
2011-09-21 17:18:21,717 - Trying to use logger class org.apache.velocity.runtime.log.AvalonLogChute
2011-09-21 17:18:21,717 - Couldn't find class org.apache.velocity.runtime.log.AvalonLogChute or necessary supporting classes in classpath.
java.lang.NoClassDefFoundError: org/apache/log/format/Formatter
	at java.lang.Class.forName0(Native Method)
	at java.lang.Class.forName(Class.java:247)
	at org.apache.velocity.util.ClassUtils.getClass(ClassUtils.java:63)
	at org.apache.velocity.util.ClassUtils.getNewInstance(ClassUtils.java:95)
	at org.apache.velocity.runtime.log.LogManager.createLogChute(LogManager.java:147)
	at org.apache.velocity.runtime.log.LogManager.updateLog(LogManager.java:208)
	at org.apache.velocity.runtime.RuntimeInstance.initializeLog(RuntimeInstance.java:728)
	at org.apache.velocity.runtime.RuntimeInstance.init(RuntimeInstance.java:240)
	at org.apache.velocity.runtime.RuntimeSingleton.init(RuntimeSingleton.java:113)
	at org.apache.velocity.app.Velocity.init(Velocity.java:83)
	at com.amazonaws.mturk.util.VelocityUtil.doMerge(VelocityUtil.java:34)
	at com.amazonaws.mturk.addon.HITProperties.getQualificationType(HITProperties.java:309)
	at com.amazonaws.mturk.addon.HITProperties.getQualificationRequirements(HITProperties.java:290)
	at com.amazonaws.mturk.service.axis.RequesterService.createHITs(RequesterService.java:1257)
	at com.amazonaws.mturk.service.axis.RequesterService.createHITs(RequesterService.java:1153)
	at site_category.SiteCategory.createSiteCategoryHITs(SiteCategory.java:108)
	at site_category.SiteCategory.main(SiteCategory.java:134)
Caused by: java.lang.ClassNotFoundException: org.apache.log.format.Formatter
	at java.net.URLClassLoader$1.run(URLClassLoader.java:202)
	at java.security.AccessController.doPrivileged(Native Method)
	at java.net.URLClassLoader.findClass(URLClassLoader.java:190)
	at java.lang.ClassLoader.loadClass(ClassLoader.java:306)
	at sun.misc.Launcher$AppClassLoader.loadClass(Launcher.java:301)
	at java.lang.ClassLoader.loadClass(ClassLoader.java:247)
	... 17 more
2011-09-21 17:18:21,717 - Couldn't find class org.apache.velocity.runtime.log.AvalonLogChute or necessary supporting classes in classpath.
java.lang.NoClassDefFoundError: org/apache/log/format/Formatter
	at java.lang.Class.forName0(Native Method)
	at java.lang.Class.forName(Class.java:247)
	at org.apache.velocity.util.ClassUtils.getClass(ClassUtils.java:63)
	at org.apache.velocity.util.ClassUtils.getNewInstance(ClassUtils.java:95)
	at org.apache.velocity.runtime.log.LogManager.createLogChute(LogManager.java:147)
	at org.apache.velocity.runtime.log.LogManager.updateLog(LogManager.java:208)
	at org.apache.velocity.runtime.RuntimeInstance.initializeLog(RuntimeInstance.java:728)
	at org.apache.velocity.runtime.RuntimeInstance.init(RuntimeInstance.java:240)
	at org.apache.velocity.runtime.RuntimeSingleton.init(RuntimeSingleton.java:113)
	at org.apache.velocity.app.Velocity.init(Velocity.java:83)
	at com.amazonaws.mturk.util.VelocityUtil.doMerge(VelocityUtil.java:34)
	at com.amazonaws.mturk.addon.HITProperties.getQualificationType(HITProperties.java:309)
	at com.amazonaws.mturk.addon.HITProperties.getQualificationRequirements(HITProperties.java:290)
	at com.amazonaws.mturk.service.axis.RequesterService.createHITs(RequesterService.java:1257)
	at com.amazonaws.mturk.service.axis.RequesterService.createHITs(RequesterService.java:1153)
	at site_category.SiteCategory.createSiteCategoryHITs(SiteCategory.java:108)
	at site_category.SiteCategory.main(SiteCategory.java:134)
Caused by: java.lang.ClassNotFoundException: org.apache.log.format.Formatter
	at java.net.URLClassLoader$1.run(URLClassLoader.java:202)
	at java.security.AccessController.doPrivileged(Native Method)
	at java.net.URLClassLoader.findClass(URLClassLoader.java:190)
	at java.lang.ClassLoader.loadClass(ClassLoader.java:306)
	at sun.misc.Launcher$AppClassLoader.loadClass(Launcher.java:301)
	at java.lang.ClassLoader.loadClass(ClassLoader.java:247)
	... 17 more
2011-09-21 17:18:21,718 - Trying to use logger class org.apache.velocity.runtime.log.Log4JLogChute
2011-09-21 17:18:21,718 - Trying to use logger class org.apache.velocity.runtime.log.Log4JLogChute
2011-09-21 17:18:21,718 - Using logger class org.apache.velocity.runtime.log.Log4JLogChute
2011-09-21 17:18:21,718 - Using logger class org.apache.velocity.runtime.log.Log4JLogChute
2011-09-21 17:18:21,718 - Default ResourceManager initializing. (class org.apache.velocity.runtime.resource.ResourceManagerImpl)
2011-09-21 17:18:21,718 - Default ResourceManager initializing. (class org.apache.velocity.runtime.resource.ResourceManagerImpl)
2011-09-21 17:18:21,718 - ResourceLoader instantiated: org.apache.velocity.runtime.resource.loader.FileResourceLoader
2011-09-21 17:18:21,718 - ResourceLoader instantiated: org.apache.velocity.runtime.resource.loader.FileResourceLoader
2011-09-21 17:18:21,718 - Do unicode file recognition:  false
2011-09-21 17:18:21,718 - Do unicode file recognition:  false
2011-09-21 17:18:21,718 - FileResourceLoader : adding path '.'
2011-09-21 17:18:21,718 - FileResourceLoader : adding path '.'
2011-09-21 17:18:21,718 - ResourceCache: initialized (class org.apache.velocity.runtime.resource.ResourceCacheImpl)
2011-09-21 17:18:21,718 - ResourceCache: initialized (class org.apache.velocity.runtime.resource.ResourceCacheImpl)
2011-09-21 17:18:21,718 - Loaded System Directive: org.apache.velocity.runtime.directive.Literal
2011-09-21 17:18:21,718 - Loaded System Directive: org.apache.velocity.runtime.directive.Literal
2011-09-21 17:18:21,718 - Loaded System Directive: org.apache.velocity.runtime.directive.Macro
2011-09-21 17:18:21,718 - Loaded System Directive: org.apache.velocity.runtime.directive.Macro
2011-09-21 17:18:21,718 - Loaded System Directive: org.apache.velocity.runtime.directive.Parse
2011-09-21 17:18:21,718 - Loaded System Directive: org.apache.velocity.runtime.directive.Parse
2011-09-21 17:18:21,718 - Loaded System Directive: org.apache.velocity.runtime.directive.Include
2011-09-21 17:18:21,718 - Loaded System Directive: org.apache.velocity.runtime.directive.Include
2011-09-21 17:18:21,718 - Loaded System Directive: org.apache.velocity.runtime.directive.Foreach
2011-09-21 17:18:21,718 - Loaded System Directive: org.apache.velocity.runtime.directive.Foreach
2011-09-21 17:18:21,719 - Created '20' parsers.
2011-09-21 17:18:21,719 - Created '20' parsers.
2011-09-21 17:18:21,719 - Velocimacro : "velocimacro.library" is not set.  Trying default library: VM_global_library.vm
2011-09-21 17:18:21,719 - Velocimacro : "velocimacro.library" is not set.  Trying default library: VM_global_library.vm
2011-09-21 17:18:21,719 - Velocimacro : Default library not found.
2011-09-21 17:18:21,719 - Velocimacro : Default library not found.
2011-09-21 17:18:21,719 - Velocimacro : allowInline = true : VMs can be defined inline in templates
2011-09-21 17:18:21,719 - Velocimacro : allowInline = true : VMs can be defined inline in templates
2011-09-21 17:18:21,720 - Velocimacro : allowInlineToOverride = false : VMs defined inline may NOT replace previous VM definitions
2011-09-21 17:18:21,720 - Velocimacro : allowInlineToOverride = false : VMs defined inline may NOT replace previous VM definitions
2011-09-21 17:18:21,720 - Velocimacro : allowInlineLocal = false : VMs defined inline will be global in scope if allowed.
2011-09-21 17:18:21,720 - Velocimacro : allowInlineLocal = false : VMs defined inline will be global in scope if allowed.
2011-09-21 17:18:21,720 - Velocimacro : autoload off : VM system will not automatically reload global library macros
2011-09-21 17:18:21,720 - Velocimacro : autoload off : VM system will not automatically reload global library macros
